<?xml version="1.0" encoding="UTF-8"?>
<!-- Generated by org.testng.reporters.JUnitReportReporter -->
<testsuite skipped="0" hostname="DELL-PC" name="tests.FirstDemo" tests="1" failures="0" timestamp="11 Feb 2018 07:38:15 GMT" time="0.013" errors="0">
  <testcase name="f" time="0.013" classname="tests.FirstDemo"/>
</testsuite> <!-- tests.FirstDemo -->
